<?xml version="1.0" encoding="UTF-8"?>
<robot generator="Robot 7.3.2 (Python 3.13.9 on linux)" generated="2026-05-04T15:02:54.337909" rpa="false" schemaversion="5">
<suite id="s1" name="Tests" source="/opt/robotframework/tests/ui_tests/tests">
<suite id="s1-s1" name="Test E2E Purchase" source="/opt/robotframework/tests/ui_tests/tests/test_e2e_purchase.robot">
<test id="s1-s1-t1" name="Achat Complet Produit" line="11">
<kw name="Ouvrir Page Login" owner="login_page">
<kw name="New Browser" owner="Browser">
<msg time="2026-05-04T15:02:54.622410" level="INFO">{"browser": "chromium", "headless": true, "chromiumSandbox": false, "devtools": false, "handleSIGHUP": true, "handleSIGINT": true, "handleSIGTERM": true, "slowMo": 0.0, "timeout": 30000.0, "tracesDir": "/opt/robotframework/reports/ui/browser/traces/temp/41bff7f6-6d5a-432e-973d-484277764349"}</msg>
<msg time="2026-05-04T15:02:54.655962" level="INFO">Starting Browser process /usr/local/lib/python3.13/site-packages/Browser/wrapper/index.js using at 127.0.0.1:49059</msg>
<msg time="2026-05-04T15:02:55.519742" level="INFO">Successfully created browser with options: {"browser":"chromium","headless":true,"chromiumSandbox":false,"devtools":false,"handleSIGHUP":true,"handleSIGINT":true,"handleSIGTERM":true,"slowMo":0,"timeout":30000,"tracesDir":"/opt/robotframework/reports/ui/browser/traces/temp/41bff7f6-6d5a-432e-973d-484277764349"}</msg>
<arg>chromium</arg>
<arg>headless=True</arg>
<tag>BrowserControl</tag>
<tag>Setter</tag>
<doc>Create a new playwright Browser with specified options.</doc>
<status status="PASS" start="2026-05-04T15:02:54.620017" elapsed="0.900038"/>
</kw>
<kw name="New Context" owner="Browser">
<msg time="2026-05-04T15:02:55.527095" level="INFO">{
  "acceptDownloads": true,
  "bypassCSP": false,
  "forcedColors": "none",
  "ignoreHTTPSErrors": false,
  "javaScriptEnabled": true,
  "offline": false,
  "reducedMotion": "no-preference",
  "serviceWorkers": "allow",
  "viewport": {
    "width": 1280,
    "height": 720
  }
}</msg>
<msg time="2026-05-04T15:02:55.547675" level="INFO">Successfully created context. </msg>
<msg time="2026-05-04T15:02:55.547793" level="INFO">{'acceptDownloads': True, 'bypassCSP': False, 'forcedColors': 'none', 'ignoreHTTPSErrors': False, 'javaScriptEnabled': True, 'offline': False, 'reducedMotion': 'no-preference', 'serviceWorkers': 'allow', 'viewport': {'width': 1280, 'height': 720}}</msg>
<tag>BrowserControl</tag>
<tag>Setter</tag>
<doc>Create a new BrowserContext with specified options.</doc>
<status status="PASS" start="2026-05-04T15:02:55.523411" elapsed="0.024590"/>
</kw>
<kw name="New Page" owner="Browser">
<msg time="2026-05-04T15:02:56.725968" level="INFO">Successfully initialized new page object and opened url: https://www.saucedemo.com/</msg>
<arg>https://www.saucedemo.com/</arg>
<tag>BrowserControl</tag>
<tag>Setter</tag>
<doc>Open a new Page.</doc>
<status status="PASS" start="2026-05-04T15:02:55.553893" elapsed="1.172306"/>
</kw>
<doc>Ouvre la page de connexion SauceDemo en Chromium headless.</doc>
<status status="PASS" start="2026-05-04T15:02:54.617328" elapsed="2.111615"/>
</kw>
<kw name="Se Connecter Avec Credentials" owner="login_page">
<kw name="Fill Text" owner="Browser">
<msg time="2026-05-04T15:02:56.733902" level="INFO">Fills the text 'standard_user' in the given field.</msg>
<arg>${USERNAME_INPUT}</arg>
<arg>${username}</arg>
<tag>PageContent</tag>
<tag>Setter</tag>
<doc>Clears and fills the given ``txt`` into the text field found by ``selector``.</doc>
<status status="PASS" start="2026-05-04T15:02:56.731463" elapsed="0.053076"/>
</kw>
<kw name="Fill Text" owner="Browser">
<msg time="2026-05-04T15:02:56.790372" level="INFO">Fills the text 'secret_sauce' in the given field.</msg>
<arg>${PASSWORD_INPUT}</arg>
<arg>${password}</arg>
<tag>PageContent</tag>
<tag>Setter</tag>
<doc>Clears and fills the given ``txt`` into the text field found by ``selector``.</doc>
<status status="PASS" start="2026-05-04T15:02:56.788078" elapsed="0.018625"/>
</kw>
<kw name="Click" owner="Browser">
<msg time="2026-05-04T15:02:56.812849" level="INFO">Clicks the element 'css=#login-button'.</msg>
<arg>${LOGIN_BUTTON}</arg>
<tag>PageContent</tag>
<tag>Setter</tag>
<doc>Simulates mouse click on the element found by ``selector``.</doc>
<status status="PASS" start="2026-05-04T15:02:56.810030" elapsed="0.077012"/>
</kw>
<arg>standard_user</arg>
<arg>secret_sauce</arg>
<doc>Renseigne les identifiants et soumet le formulaire.</doc>
<status status="PASS" start="2026-05-04T15:02:56.729290" elapsed="0.160568"/>
</kw>
<kw name="Ajouter Premier Produit Au Panier" owner="inventory_page">
<kw name="Click" owner="Browser">
<msg time="2026-05-04T15:02:56.893492" level="INFO">Clicks the element 'css=#add-to-cart-sauce-labs-backpack'.</msg>
<arg>css=#add-to-cart-sauce-labs-backpack</arg>
<tag>PageContent</tag>
<tag>Setter</tag>
<doc>Simulates mouse click on the element found by ``selector``.</doc>
<status status="PASS" start="2026-05-04T15:02:56.891812" elapsed="0.054227"/>
</kw>
<doc>Ajoute le premier produit au panier.</doc>
<status status="PASS" start="2026-05-04T15:02:56.890147" elapsed="0.059094"/>
</kw>
<kw name="Aller Au Panier" owner="inventory_page">
<kw name="Click" owner="Browser">
<msg time="2026-05-04T15:02:56.953920" level="INFO">Clicks the element 'css=#shopping_cart_container'.</msg>
<arg>${CART_ICON}</arg>
<tag>PageContent</tag>
<tag>Setter</tag>
<doc>Simulates mouse click on the element found by ``selector``.</doc>
<status status="PASS" start="2026-05-04T15:02:56.951446" elapsed="0.047370"/>
</kw>
<doc>Ouvre le panier.</doc>
<status status="PASS" start="2026-05-04T15:02:56.949593" elapsed="0.052019"/>
</kw>
<kw name="Aller Au Checkout" owner="cart_page">
<kw name="Click" owner="Browser">
<msg time="2026-05-04T15:02:57.005721" level="INFO">Clicks the element 'css=#checkout'.</msg>
<arg>css=#checkout</arg>
<tag>PageContent</tag>
<tag>Setter</tag>
<doc>Simulates mouse click on the element found by ``selector``.</doc>
<status status="PASS" start="2026-05-04T15:02:57.003827" elapsed="0.047010"/>
</kw>
<doc>Lance le tunnel de paiement.</doc>
<status status="PASS" start="2026-05-04T15:02:57.001914" elapsed="0.052131"/>
</kw>
<kw name="Remplir Informations Client" owner="checkout_page">
<kw name="Fill Text" owner="Browser">
<msg time="2026-05-04T15:02:57.058493" level="INFO">Fills the text 'John' in the given field.</msg>
<arg>${FIRST_NAME}</arg>
<arg>${first}</arg>
<tag>PageContent</tag>
<tag>Setter</tag>
<doc>Clears and fills the given ``txt`` into the text field found by ``selector``.</doc>
<status status="PASS" start="2026-05-04T15:02:57.056357" elapsed="0.012338"/>
</kw>
<kw name="Fill Text" owner="Browser">
<msg time="2026-05-04T15:02:57.073570" level="INFO">Fills the text 'Doe' in the given field.</msg>
<arg>${LAST_NAME}</arg>
<arg>${last}</arg>
<tag>PageContent</tag>
<tag>Setter</tag>
<doc>Clears and fills the given ``txt`` into the text field found by ``selector``.</doc>
<status status="PASS" start="2026-05-04T15:02:57.071560" elapsed="0.012035"/>
</kw>
<kw name="Fill Text" owner="Browser">
<msg time="2026-05-04T15:02:57.090609" level="INFO">Fills the text '12345' in the given field.</msg>
<arg>${POSTAL_CODE}</arg>
<arg>${zip}</arg>
<tag>PageContent</tag>
<tag>Setter</tag>
<doc>Clears and fills the given ``txt`` into the text field found by ``selector``.</doc>
<status status="PASS" start="2026-05-04T15:02:57.087756" elapsed="0.014715"/>
</kw>
<arg>John</arg>
<arg>Doe</arg>
<arg>12345</arg>
<doc>Remplit les informations client du checkout.</doc>
<status status="PASS" start="2026-05-04T15:02:57.054407" elapsed="0.050472"/>
</kw>
<kw name="Confirmer Achat" owner="checkout_page">
<kw name="Click" owner="Browser">
<msg time="2026-05-04T15:02:57.108209" level="INFO">Clicks the element 'css=#finish'.</msg>
<msg time="2026-05-04T15:03:07.192734" level="INFO" html="true">&lt;/td&gt;&lt;/tr&gt;&lt;tr&gt;&lt;td colspan="3"&gt;&lt;a href="browser/screenshot/fail-screenshot-1.png" target="_blank"&gt;&lt;img src="browser/screenshot/fail-screenshot-1.png" width="800px"/&gt;&lt;/a&gt;</msg>
<msg time="2026-05-04T15:03:07.192912" level="INFO">See also file:///opt/robotframework/reports/ui/playwright-log.txt for additional details.</msg>
<msg time="2026-05-04T15:03:07.193638" level="FAIL">TimeoutError: locator.click: Timeout 10000ms exceeded.
Call log:
  - waiting for locator('#finish')
</msg>
<arg>${FINISH}</arg>
<tag>PageContent</tag>
<tag>Setter</tag>
<doc>Simulates mouse click on the element found by ``selector``.</doc>
<status status="FAIL" start="2026-05-04T15:02:57.106416" elapsed="10.091880">TimeoutError: locator.click: Timeout 10000ms exceeded.
Call log:
  - waiting for locator('#finish')
</status>
</kw>
<doc>Confirme la commande en cours.</doc>
<status status="FAIL" start="2026-05-04T15:02:57.105164" elapsed="10.095913">TimeoutError: locator.click: Timeout 10000ms exceeded.
Call log:
  - waiting for locator('#finish')
</status>
</kw>
<kw name="Page Should Contain">
<arg>Thank you for your order</arg>
<status status="NOT RUN" start="2026-05-04T15:03:07.201425" elapsed="0.001405"/>
</kw>
<msg time="2026-05-04T15:03:07.220651" level="INFO">Switching context to context=6e2ec7d1-c6f0-413c-9040-b6fe1eb57494 in CURRENT</msg>
<msg time="2026-05-04T15:03:07.226908" level="INFO">Successfully changed active context: context=6e2ec7d1-c6f0-413c-9040-b6fe1eb57494</msg>
<msg time="2026-05-04T15:03:07.236378" level="INFO">Successfully closed Context</msg>
<doc>Vérifie le parcours d'achat complet sur SauceDemo.</doc>
<status status="FAIL" start="2026-05-04T15:02:54.616363" elapsed="12.586843">TimeoutError: locator.click: Timeout 10000ms exceeded.
Call log:
  - waiting for locator('#finish')
</status>
</test>
<doc>End-to-end purchase flow for SauceDemo.</doc>
<status status="FAIL" start="2026-05-04T15:02:54.398761" elapsed="12.838304"/>
</suite>
<suite id="s1-s2" name="Test Login" source="/opt/robotframework/tests/ui_tests/tests/test_login.robot">
<test id="s1-s2-t1" name="Login Valide SauceDemo" line="8">
<kw name="Ouvrir Page Login" owner="login_page">
<kw name="New Browser" owner="Browser">
<msg time="2026-05-04T15:03:07.273064" level="INFO">Switching browser to browser=16482c5e-fe70-43fd-a94c-1e8b59d2aa32</msg>
<msg time="2026-05-04T15:03:07.275403" level="INFO">Successfully changed active browser: browser=16482c5e-fe70-43fd-a94c-1e8b59d2aa32</msg>
<msg time="2026-05-04T15:03:07.275503" level="INFO">Reusing existing browser with id: browser=16482c5e-fe70-43fd-a94c-1e8b59d2aa32</msg>
<arg>chromium</arg>
<arg>headless=True</arg>
<tag>BrowserControl</tag>
<tag>Setter</tag>
<doc>Create a new playwright Browser with specified options.</doc>
<status status="PASS" start="2026-05-04T15:03:07.270782" elapsed="0.004786"/>
</kw>
<kw name="New Context" owner="Browser">
<msg time="2026-05-04T15:03:07.282455" level="INFO">{
  "acceptDownloads": true,
  "bypassCSP": false,
  "forcedColors": "none",
  "ignoreHTTPSErrors": false,
  "javaScriptEnabled": true,
  "offline": false,
  "reducedMotion": "no-preference",
  "serviceWorkers": "allow",
  "viewport": {
    "width": 1280,
    "height": 720
  }
}</msg>
<msg time="2026-05-04T15:03:07.289128" level="INFO">Successfully created context. </msg>
<msg time="2026-05-04T15:03:07.289239" level="INFO">{'acceptDownloads': True, 'bypassCSP': False, 'forcedColors': 'none', 'ignoreHTTPSErrors': False, 'javaScriptEnabled': True, 'offline': False, 'reducedMotion': 'no-preference', 'serviceWorkers': 'allow', 'viewport': {'width': 1280, 'height': 720}}</msg>
<tag>BrowserControl</tag>
<tag>Setter</tag>
<doc>Create a new BrowserContext with specified options.</doc>
<status status="PASS" start="2026-05-04T15:03:07.278894" elapsed="0.010433"/>
</kw>
<kw name="New Page" owner="Browser">
<msg time="2026-05-04T15:03:07.932319" level="INFO">Successfully initialized new page object and opened url: https://www.saucedemo.com/</msg>
<arg>https://www.saucedemo.com/</arg>
<tag>BrowserControl</tag>
<tag>Setter</tag>
<doc>Open a new Page.</doc>
<status status="PASS" start="2026-05-04T15:03:07.292587" elapsed="0.640097"/>
</kw>
<doc>Ouvre la page de connexion SauceDemo en Chromium headless.</doc>
<status status="PASS" start="2026-05-04T15:03:07.269006" elapsed="0.668180"/>
</kw>
<kw name="Se Connecter Avec Credentials" owner="login_page">
<kw name="Fill Text" owner="Browser">
<msg time="2026-05-04T15:03:07.941956" level="INFO">Fills the text 'standard_user' in the given field.</msg>
<arg>${USERNAME_INPUT}</arg>
<arg>${username}</arg>
<tag>PageContent</tag>
<tag>Setter</tag>
<doc>Clears and fills the given ``txt`` into the text field found by ``selector``.</doc>
<status status="PASS" start="2026-05-04T15:03:07.939997" elapsed="0.036666"/>
</kw>
<kw name="Fill Text" owner="Browser">
<msg time="2026-05-04T15:03:07.982713" level="INFO">Fills the text 'secret_sauce' in the given field.</msg>
<arg>${PASSWORD_INPUT}</arg>
<arg>${password}</arg>
<tag>PageContent</tag>
<tag>Setter</tag>
<doc>Clears and fills the given ``txt`` into the text field found by ``selector``.</doc>
<status status="PASS" start="2026-05-04T15:03:07.979205" elapsed="0.014800"/>
</kw>
<kw name="Click" owner="Browser">
<msg time="2026-05-04T15:03:07.999981" level="INFO">Clicks the element 'css=#login-button'.</msg>
<arg>${LOGIN_BUTTON}</arg>
<tag>PageContent</tag>
<tag>Setter</tag>
<doc>Simulates mouse click on the element found by ``selector``.</doc>
<status status="PASS" start="2026-05-04T15:03:07.997367" elapsed="0.064771"/>
</kw>
<arg>standard_user</arg>
<arg>secret_sauce</arg>
<doc>Renseigne les identifiants et soumet le formulaire.</doc>
<status status="PASS" start="2026-05-04T15:03:07.937702" elapsed="0.127135"/>
</kw>
<kw name="Verifier Login Reussi" owner="login_page">
<kw name="Get Url" owner="Browser">
<msg time="2026-05-04T15:03:08.072410" level="INFO">${current_url} = https://www.saucedemo.com/inventory.html</msg>
<var>${current_url}</var>
<tag>Assertion</tag>
<tag>Getter</tag>
<tag>PageContent</tag>
<doc>Returns the current URL.</doc>
<status status="PASS" start="2026-05-04T15:03:08.067034" elapsed="0.005435"/>
</kw>
<kw name="Should Be Equal As Strings" owner="BuiltIn">
<arg>${current_url}</arg>
<arg>https://www.saucedemo.com/inventory.html</arg>
<doc>Fails if objects are unequal after converting them to strings.</doc>
<status status="PASS" start="2026-05-04T15:03:08.075449" elapsed="0.002003"/>
</kw>
<kw name="Get Text" owner="Browser">
<msg time="2026-05-04T15:03:08.132704" level="INFO">Text: 'Products'</msg>
<msg time="2026-05-04T15:03:08.132932" level="INFO">${page_title} = Products</msg>
<var>${page_title}</var>
<arg>css=span.title</arg>
<tag>Assertion</tag>
<tag>Getter</tag>
<tag>PageContent</tag>
<doc>Returns text attribute of the element found by ``selector``.</doc>
<status status="PASS" start="2026-05-04T15:03:08.077728" elapsed="0.055232"/>
</kw>
<kw name="Should Be Equal As Strings" owner="BuiltIn">
<arg>${page_title}</arg>
<arg>Products</arg>
<doc>Fails if objects are unequal after converting them to strings.</doc>
<status status="PASS" start="2026-05-04T15:03:08.136545" elapsed="0.002462"/>
</kw>
<doc>Vérifie la redirection vers l'inventaire après connexion.</doc>
<status status="PASS" start="2026-05-04T15:03:08.065240" elapsed="0.073965"/>
</kw>
<kw name="Fermer Browser" owner="login_page">
<kw name="Close Browser" owner="Browser">
<msg time="2026-05-04T15:03:08.207856" level="INFO">Closed browser</msg>
<tag>BrowserControl</tag>
<tag>Setter</tag>
<doc>Closes the current browser.</doc>
<status status="PASS" start="2026-05-04T15:03:08.141793" elapsed="0.066287"/>
</kw>
<doc>Ferme le navigateur.</doc>
<status status="PASS" start="2026-05-04T15:03:08.139429" elapsed="0.071533"/>
</kw>
<doc>Vérifie un login valide sur SauceDemo.</doc>
<status status="PASS" start="2026-05-04T15:03:07.266133" elapsed="0.945049"/>
</test>
<test id="s1-s2-t2" name="Login Invalide - utilisateur incorrect" line="15">
<kw name="Ouvrir Page Login" owner="login_page">
<kw name="New Browser" owner="Browser">
<msg time="2026-05-04T15:03:08.225631" level="INFO">{"browser": "chromium", "headless": true, "chromiumSandbox": false, "devtools": false, "handleSIGHUP": true, "handleSIGINT": true, "handleSIGTERM": true, "slowMo": 0.0, "timeout": 30000.0, "tracesDir": "/opt/robotframework/reports/ui/browser/traces/temp/d463f468-fb53-431c-9c46-c7755b7cf017"}</msg>
<msg time="2026-05-04T15:03:08.299030" level="INFO">Successfully created browser with options: {"browser":"chromium","headless":true,"chromiumSandbox":false,"devtools":false,"handleSIGHUP":true,"handleSIGINT":true,"handleSIGTERM":true,"slowMo":0,"timeout":30000,"tracesDir":"/opt/robotframework/reports/ui/browser/traces/temp/d463f468-fb53-431c-9c46-c7755b7cf017"}</msg>
<arg>chromium</arg>
<arg>headless=True</arg>
<tag>BrowserControl</tag>
<tag>Setter</tag>
<doc>Create a new playwright Browser with specified options.</doc>
<status status="PASS" start="2026-05-04T15:03:08.222960" elapsed="0.079946"/>
</kw>
<kw name="New Context" owner="Browser">
<msg time="2026-05-04T15:03:08.312327" level="INFO">{
  "acceptDownloads": true,
  "bypassCSP": false,
  "forcedColors": "none",
  "ignoreHTTPSErrors": false,
  "javaScriptEnabled": true,
  "offline": false,
  "reducedMotion": "no-preference",
  "serviceWorkers": "allow",
  "viewport": {
    "width": 1280,
    "height": 720
  }
}</msg>
<msg time="2026-05-04T15:03:08.318654" level="INFO">Successfully created context. </msg>
<msg time="2026-05-04T15:03:08.318756" level="INFO">{'acceptDownloads': True, 'bypassCSP': False, 'forcedColors': 'none', 'ignoreHTTPSErrors': False, 'javaScriptEnabled': True, 'offline': False, 'reducedMotion': 'no-preference', 'serviceWorkers': 'allow', 'viewport': {'width': 1280, 'height': 720}}</msg>
<tag>BrowserControl</tag>
<tag>Setter</tag>
<doc>Create a new BrowserContext with specified options.</doc>
<status status="PASS" start="2026-05-04T15:03:08.305566" elapsed="0.013285"/>
</kw>
<kw name="New Page" owner="Browser">
<msg time="2026-05-04T15:03:09.053445" level="INFO">Successfully initialized new page object and opened url: https://www.saucedemo.com/</msg>
<arg>https://www.saucedemo.com/</arg>
<tag>BrowserControl</tag>
<tag>Setter</tag>
<doc>Open a new Page.</doc>
<status status="PASS" start="2026-05-04T15:03:08.322628" elapsed="0.731147"/>
</kw>
<doc>Ouvre la page de connexion SauceDemo en Chromium headless.</doc>
<status status="PASS" start="2026-05-04T15:03:08.221102" elapsed="0.836680"/>
</kw>
<kw name="Se Connecter Avec Credentials" owner="login_page">
<kw name="Fill Text" owner="Browser">
<msg time="2026-05-04T15:03:09.061900" level="INFO">Fills the text 'wrong_user' in the given field.</msg>
<arg>${USERNAME_INPUT}</arg>
<arg>${username}</arg>
<tag>PageContent</tag>
<tag>Setter</tag>
<doc>Clears and fills the given ``txt`` into the text field found by ``selector``.</doc>
<status status="PASS" start="2026-05-04T15:03:09.059876" elapsed="0.035044"/>
</kw>
<kw name="Fill Text" owner="Browser">
<msg time="2026-05-04T15:03:09.103043" level="INFO">Fills the text 'wrong_pass' in the given field.</msg>
<arg>${PASSWORD_INPUT}</arg>
<arg>${password}</arg>
<tag>PageContent</tag>
<tag>Setter</tag>
<doc>Clears and fills the given ``txt`` into the text field found by ``selector``.</doc>
<status status="PASS" start="2026-05-04T15:03:09.098344" elapsed="0.021753"/>
</kw>
<kw name="Click" owner="Browser">
<msg time="2026-05-04T15:03:09.125964" level="INFO">Clicks the element 'css=#login-button'.</msg>
<arg>${LOGIN_BUTTON}</arg>
<tag>PageContent</tag>
<tag>Setter</tag>
<doc>Simulates mouse click on the element found by ``selector``.</doc>
<status status="PASS" start="2026-05-04T15:03:09.123502" elapsed="0.046702"/>
</kw>
<arg>wrong_user</arg>
<arg>wrong_pass</arg>
<doc>Renseigne les identifiants et soumet le formulaire.</doc>
<status status="PASS" start="2026-05-04T15:03:09.058136" elapsed="0.115194"/>
</kw>
<kw name="Verifier Login Echoue" owner="login_page">
<kw name="Wait For Elements State" owner="Browser">
<msg time="2026-05-04T15:03:09.186695" level="INFO">Waited for Element with selector css=h3[data-test="error"] at state visible</msg>
<arg>${ERROR_MESSAGE}</arg>
<arg>visible</arg>
<tag>PageContent</tag>
<tag>Wait</tag>
<doc>Waits for the element found by ``selector`` to satisfy state option.</doc>
<status status="PASS" start="2026-05-04T15:03:09.175801" elapsed="0.011128"/>
</kw>
<kw name="Get Text" owner="Browser">
<msg time="2026-05-04T15:03:09.223155" level="INFO">Text: 'Epic sadface: Username and password do not match any user in this service'</msg>
<msg time="2026-05-04T15:03:09.223338" level="INFO">${error_message} = Epic sadface: Username and password do not match any user in this service</msg>
<var>${error_message}</var>
<arg>${ERROR_MESSAGE}</arg>
<tag>Assertion</tag>
<tag>Getter</tag>
<tag>PageContent</tag>
<doc>Returns text attribute of the element found by ``selector``.</doc>
<status status="PASS" start="2026-05-04T15:03:09.190425" elapsed="0.032940"/>
</kw>
<kw name="Should Be Equal As Strings" owner="BuiltIn">
<arg>${error_message}</arg>
<arg>${INVALID_LOGIN_ERROR}</arg>
<doc>Fails if objects are unequal after converting them to strings.</doc>
<status status="PASS" start="2026-05-04T15:03:09.229965" elapsed="0.001777"/>
</kw>
<doc>Vérifie le message d'erreur affiché après un login invalide.</doc>
<status status="PASS" start="2026-05-04T15:03:09.173771" elapsed="0.058149"/>
</kw>
<kw name="Fermer Browser" owner="login_page">
<kw name="Close Browser" owner="Browser">
<msg time="2026-05-04T15:03:09.295996" level="INFO">Closed browser</msg>
<tag>BrowserControl</tag>
<tag>Setter</tag>
<doc>Closes the current browser.</doc>
<status status="PASS" start="2026-05-04T15:03:09.233845" elapsed="0.062347"/>
</kw>
<doc>Ferme le navigateur.</doc>
<status status="PASS" start="2026-05-04T15:03:09.232140" elapsed="0.066482"/>
</kw>
<doc>Vérifie qu'un login invalide affiche un message d'erreur.</doc>
<status status="PASS" start="2026-05-04T15:03:08.218074" elapsed="1.080770"/>
</test>
<doc>Login scenarios for SauceDemo.</doc>
<status status="PASS" start="2026-05-04T15:03:07.247652" elapsed="2.058012"/>
</suite>
<status status="FAIL" start="2026-05-04T15:02:54.386701" elapsed="14.934656"/>
</suite>
<statistics>
<total>
<stat pass="2" fail="1" skip="0">All Tests</stat>
</total>
<tag>
</tag>
<suite>
<stat name="Tests" id="s1" pass="2" fail="1" skip="0">Tests</stat>
<stat name="Test E2E Purchase" id="s1-s1" pass="0" fail="1" skip="0">Tests.Test E2E Purchase</stat>
<stat name="Test Login" id="s1-s2" pass="2" fail="0" skip="0">Tests.Test Login</stat>
</suite>
</statistics>
<errors>
</errors>
</robot>
