<?xml version="1.0" encoding="UTF-8"?>
<robot generator="Robot 7.3.2 (Python 3.13.9 on linux)" generated="2026-05-04T14:31:06.042579" rpa="false" schemaversion="5">
<suite id="s1" name="Tests" source="/opt/robotframework/tests">
<suite id="s1-s1" name="Api Tests" source="/opt/robotframework/tests/api_tests">
<suite id="s1-s1-s1" name="Tests" source="/opt/robotframework/tests/api_tests/tests">
<suite id="s1-s1-s1-s1" name="Test Categories" source="/opt/robotframework/tests/api_tests/tests/test_categories.robot">
<test id="s1-s1-s1-s1-t1" name="Get Categories - validation" line="13">
<kw name="GET" owner="RequestsLibrary">
<msg time="2026-05-04T14:31:06.359854" level="INFO">GET Request : url=https://fakestoreapi.com/products/categories 
 path_url=/products/categories 
 headers={'User-Agent': 'python-requests/2.32.5', 'Accept-Encoding': 'gzip, deflate', 'Accept': '*/*', 'Connection': 'keep-alive'} 
 body=None 
 </msg>
<msg time="2026-05-04T14:31:06.360074" level="INFO">GET Response : url=https://fakestoreapi.com/products/categories 
 status=200, reason=OK 
 headers={'Date': 'Mon, 04 May 2026 14:31:07 GMT', 'Content-Type': 'application/json; charset=utf-8', 'Transfer-Encoding': 'chunked', 'Connection': 'keep-alive', 'access-control-allow-origin': '*', 'etag': 'W/"3e-cdq81BKoKIRIQmboBVN84Vj+vkM"', 'x-powered-by': 'Express', 'cf-cache-status': 'DYNAMIC', 'Nel': '{"report_to":"cf-nel","success_fraction":0.0,"max_age":604800}', 'Report-To': '{"group":"cf-nel","max_age":604800,"endpoints":[{"url":"https://a.nel.cloudflare.com/report/v4?s=AVRRrVrXOpNy2H0BIVMcaZ0bgJ9tHHVbSmEEoXZy6S1edC0Lp%2BRxo4Xaer5JcPIpo2ImotX98umkr%2BkUiplht6gIP9CXae%2FDBnsAeAl5i8XYJSr1vtkLnNLNQt7Q67jgnFaC"}]}', 'Content-Encoding': 'gzip', 'Server': 'cloudflare', 'CF-RAY': '9f68350e58b3e1b5-MRS', 'alt-svc': 'h3=":443"; ma=86400'} 
 body=["electronics","jewelery","men's clothing","women's clothing"] 
 </msg>
<msg time="2026-05-04T14:31:06.360223" level="INFO">${response} = &lt;Response [200]&gt;</msg>
<var>${response}</var>
<arg>${BASE_URL}/products/categories</arg>
<doc>Sends a GET request.</doc>
<status status="PASS" start="2026-05-04T14:31:06.136321" elapsed="0.223925"/>
</kw>
<kw name="Valider Status Code" owner="api_keywords">
<kw name="Should Be Equal As Integers" owner="BuiltIn">
<msg time="2026-05-04T14:31:06.361159" level="INFO">Argument types are:
&lt;class 'int'&gt;
&lt;class 'str'&gt;</msg>
<arg>${response.status_code}</arg>
<arg>${expected}</arg>
<doc>Fails if objects are unequal after converting them to integers.</doc>
<status status="PASS" start="2026-05-04T14:31:06.360812" elapsed="0.000398"/>
</kw>
<arg>${response}</arg>
<arg>200</arg>
<doc>Vérifie qu'un code HTTP est conforme.</doc>
<status status="PASS" start="2026-05-04T14:31:06.360488" elapsed="0.000776"/>
</kw>
<kw name="Valider Categories" owner="api_keywords">
<kw name="Should Not Be Empty" owner="BuiltIn">
<msg time="2026-05-04T14:31:06.361844" level="INFO">Length is 4.</msg>
<arg>${json}</arg>
<doc>Verifies that the given item is not empty.</doc>
<status status="PASS" start="2026-05-04T14:31:06.361759" elapsed="0.000114"/>
</kw>
<kw name="Get Length" owner="BuiltIn">
<msg time="2026-05-04T14:31:06.361995" level="INFO">Length is 4.</msg>
<msg time="2026-05-04T14:31:06.362043" level="INFO">${length} = 4</msg>
<var>${length}</var>
<arg>${json}</arg>
<doc>Returns and logs the length of the given item as an integer.</doc>
<status status="PASS" start="2026-05-04T14:31:06.361934" elapsed="0.000123"/>
</kw>
<kw name="Should Be True" owner="BuiltIn">
<arg>${length} &gt; 0</arg>
<doc>Fails if the given condition is not true.</doc>
<status status="PASS" start="2026-05-04T14:31:06.362111" elapsed="0.000124"/>
</kw>
<arg>${response.json()}</arg>
<doc>Vérifie qu'une liste de catégories n'est pas vide.</doc>
<status status="PASS" start="2026-05-04T14:31:06.361394" elapsed="0.000935"/>
</kw>
<doc>Vérifie que l'endpoint des catégories retourne une liste non vide.</doc>
<status status="PASS" start="2026-05-04T14:31:06.135570" elapsed="0.226846"/>
</test>
<doc>Validates category responses from the Fake Store API.</doc>
<status status="PASS" start="2026-05-04T14:31:06.063990" elapsed="0.298766"/>
</suite>
<suite id="s1-s1-s1-s2" name="Test Keywords" source="/opt/robotframework/tests/api_tests/tests/test_keywords.robot">
<test id="s1-s1-s1-s2-t1" name="Test Valider Reponse Produits" line="13">
<kw name="GET" owner="RequestsLibrary">
<msg time="2026-05-04T14:31:06.573831" level="INFO">GET Request : url=https://fakestoreapi.com/products 
 path_url=/products 
 headers={'User-Agent': 'python-requests/2.32.5', 'Accept-Encoding': 'gzip, deflate', 'Accept': '*/*', 'Connection': 'keep-alive'} 
 body=None 
 </msg>
<msg time="2026-05-04T14:31:06.574006" level="INFO">GET Response : url=https://fakestoreapi.com/products 
 status=200, reason=OK 
 headers={'Date': 'Mon, 04 May 2026 14:31:07 GMT', 'Content-Type': 'application/json; charset=utf-8', 'Transfer-Encoding': 'chunked', 'Connection': 'keep-alive', 'access-control-allow-origin': '*', 'etag': 'W/"2990-lZ2o94A2EDKiYW3/6/3oI74HHkw"', 'x-powered-by': 'Express', 'cf-cache-status': 'DYNAMIC', 'Nel': '{"report_to":"cf-nel","success_fraction":0.0,"max_age":604800}', 'Report-To': '{"group":"cf-nel","max_age":604800,"endpoints":[{"url":"https://a.nel.cloudflare.com/report/v4?s=gn89AW5%2BxlFubXdzsA4y9jhK0T7yeHoVO9K1RxCAuqlDG%2BpyGo8Sa1ZAgUmpsjxW8BlTTM5q1El3EGfPAjULef8RG%2BF6FMoKMbD9ksroHYFWcbIjEeKLtgFhm%2B%2FMF6%2BZkAxJ"}]}', 'Content-Encoding': 'gzip', 'Server': 'cloudflare', 'CF-RAY': '9f68350fbf47e1d9-MRS', 'alt-svc': 'h3=":443"; ma=86400'} 
 body=[{"id":1,"title":"Fjallraven - Foldsack No. 1 Backpack, Fits 15 Laptops","price":109.95,"description":"Your perfect pack for everyday use and walks in the forest. Stash your laptop (up to 15 inches) in the padded sleeve, your everyday","category":"men's clothing","image":"https://fakestoreapi.com/img/81fPKd-2AYL._AC_SL1500_t.png","rating":{"rate":3.9,"count":120}},{"id":2,"title":"Mens Casual Premium Slim Fit T-Shirts ","price":22.3,"description":"Slim-fitting style, contrast raglan long sleeve, three-button henley placket, light weight &amp; soft fabric for breathable and comfortable wearing. And Solid stitched shirts with round neck made for durability and a great fit for casual fashion wear and diehard baseball fans. The Henley style round neckline includes a three-button placket.","category":"men's clothing","image":"https://fakestoreapi.com/img/71-3HjGNDUL._AC_SY879._SX._UX._SY._UY_t.png","rating":{"rate":4.1,"count":259}},{"id":3,"title":"Mens Cotton Jacket","price":55.99,"description":"great outerwear jackets for Spring/Autumn/Winter, suitable for many occasions, such as working, hiking, camping, mountain/rock climbing, cycling, traveling or other outdoors. Good gift choice for you or your family member. A warm hearted love to Father, husband or son in this thanksgiving or Christmas Day.","category":"men's clothing","image":"https://fakestoreapi.com/img/71li-ujtlUL._AC_UX679_t.png","rating":{"rate":4.7,"count":500}},{"id":4,"title":"Mens Casual Slim Fit","price":15.99,"description":"The color could be slightly different between on the screen and in practice. / Please note that body builds vary by person, therefore, detailed size information should be reviewed below on the product description.","category":"men's clothing","image":"https://fakestoreapi.com/img/71YXzeOuslL._AC_UY879_t.png","rating":{"rate":2.1,"count":430}},{"id":5,"title":"John Hardy Women's Legends Naga Gold &amp; Silver Dragon Station Chain Bracelet","price":695,"description":"From our Legends Collection, the Naga was inspired by the mythical water dragon that protects the ocean's pearl. Wear facing inward to be bestowed with love and abundance, or outward for protection.","category":"jewelery","image":"https://fakestoreapi.com/img/71pWzhdJNwL._AC_UL640_QL65_ML3_t.png","rating":{"rate":4.6,"count":400}},{"id":6,"title":"Solid Gold Petite Micropave ","price":168,"description":"Satisfaction Guaranteed. Return or exchange any order within 30 days.Designed and sold by Hafeez Center in the United States. Satisfaction Guaranteed. Return or exchange any order within 30 days.","category":"jewelery","image":"https://fakestoreapi.com/img/61sbMiUnoGL._AC_UL640_QL65_ML3_t.png","rating":{"rate":3.9,"count":70}},{"id":7,"title":"White Gold Plated Princess","price":9.99,"description":"Classic Created Wedding Engagement Solitaire Diamond Promise Ring for Her. Gifts to spoil your love more for Engagement, Wedding, Anniversary, Valentine's Day...","category":"jewelery","image":"https://fakestoreapi.com/img/71YAIFU48IL._AC_UL640_QL65_ML3_t.png","rating":{"rate":3,"count":400}},{"id":8,"title":"Pierced Owl Rose Gold Plated Stainless Steel Double","price":10.99,"description":"Rose Gold Plated Double Flared Tunnel Plug Earrings. Made of 316L Stainless Steel","category":"jewelery","image":"https://fakestoreapi.com/img/51UDEzMJVpL._AC_UL640_QL65_ML3_t.png","rating":{"rate":1.9,"count":100}},{"id":9,"title":"WD 2TB Elements Portable External Hard Drive - USB 3.0 ","price":64,"description":"USB 3.0 and USB 2.0 Compatibility Fast data transfers Improve PC Performance High Capacity; Compatibility Formatted NTFS for Windows 10, Windows 8.1, Windows 7; Reformatting may be required for other operating systems; Compatibility may vary depending on user’s hardware configuration and operating system","category":"electronics","image":"https://fakestoreapi.com/img/61IBBVJvSDL._AC_SY879_t.png","rating":{"rate":3.3,"count":203}},{"id":10,"title":"SanDisk SSD PLUS 1TB Internal SSD - SATA III 6 Gb/s","price":109,"description":"Easy upgrade for faster boot up, shutdown, application load and response (As compared to 5400 RPM SATA 2.5” hard drive; Based on published specifications and internal benchmarking tests using PCMark vantage scores) Boosts burst write performance, making it ideal for typical PC workloads The perfect balance of performance and reliability Read/write speeds of up to 535MB/s/450MB/s (Based on internal testing; Performance may vary depending upon drive capacity, host device, OS and application.)","category":"electronics","image":"https://fakestoreapi.com/img/61U7T1koQqL._AC_SX679_t.png","rating":{"rate":2.9,"count":470}},{"id":11,"title":"Silicon Power 256GB SSD 3D NAND A55 SLC Cache Performance Boost SATA III 2.5","price":109,"description":"3D NAND flash are applied to deliver high transfer speeds Remarkable transfer speeds that enable faster bootup and improved overall system performance. The advanced SLC Cache Technology allows performance boost and longer lifespan 7mm slim design suitable for Ultrabooks and Ultra-slim notebooks. Supports TRIM command, Garbage Collection technology, RAID, and ECC (Error Checking &amp; Correction) to provide the optimized performance and enhanced reliability.","category":"electronics","image":"https://fakestoreapi.com/img/71kWymZ+c+L._AC_SX679_t.png","rating":{"rate":4.8,"count":319}},{"id":12,"title":"WD 4TB Gaming Drive Works with Playstation 4 Portable External Hard Drive","price":114,"description":"Expand your PS4 gaming experience, Play anywhere Fast and easy, setup Sleek design with high capacity, 3-year manufacturer's limited warranty","category":"electronics","image":"https://fakestoreapi.com/img/61mtL65D4cL._AC_SX679_t.png","rating":{"rate":4.8,"count":400}},{"id":13,"title":"Acer SB220Q bi 21.5 inches Full HD (1920 x 1080) IPS Ultra-Thin","price":599,"description":"21. 5 inches Full HD (1920 x 1080) widescreen IPS display And Radeon free Sync technology. No compatibility for VESA Mount Refresh Rate: 75Hz - Using HDMI port Zero-frame design | ultra-thin | 4ms response time | IPS panel Aspect ratio - 16: 9. Color Supported - 16. 7 million colors. Brightness - 250 nit Tilt angle -5 degree to 15 degree. Horizontal viewing angle-178 degree. Vertical viewing angle-178 degree 75 hertz","category":"electronics","image":"https://fakestoreapi.com/img/81QpkIctqPL._AC_SX679_t.png","rating":{"rate":2.9,"count":250}},{"id":14,"title":"Samsung 49-Inch CHG90 144Hz Curved Gaming Monitor (LC49HG90DMNXZA) – Super Ultrawide Screen QLED ","price":999.99,"description":"49 INCH SUPER ULTRAWIDE 32:9 CURVED GAMING MONITOR with dual 27 inch screen side by side QUANTUM DOT (QLED) TECHNOLOGY, HDR support and factory calibration provides stunningly realistic and accurate color and contrast 144HZ HIGH REFRESH RATE and 1ms ultra fast response time work to eliminate motion blur, ghosting, and reduce input lag","category":"electronics","image":"https://fakestoreapi.com/img/81Zt42ioCgL._AC_SX679_t.png","rating":{"rate":2.2,"count":140}},{"id":15,"title":"BIYLACLESEN Women's 3-in-1 Snowboard Jacket Winter Coats","price":56.99,"description":"Note:The Jackets is US standard size, Please choose size as your usual wear Material: 100% Polyester; Detachable Liner Fabric: Warm Fleece. Detachable Functional Liner: Skin Friendly, Lightweigt and Warm.Stand Collar Liner jacket, keep you warm in cold weather. Zippered Pockets: 2 Zippered Hand Pockets, 2 Zippered Pockets on Chest (enough to keep cards or keys)and 1 Hidden Pocket Inside.Zippered Hand Pockets and Hidden Pocket keep your things secure. Humanized Design: Adjustable and Detachable Hood and Adjustable cuff to prevent the wind and water,for a comfortable fit. 3 in 1 Detachable Design provide more convenience, you can separate the coat and inner as needed, or wear it together. It is suitable for different season and help you adapt to different climates","category":"women's clothing","image":"https://fakestoreapi.com/img/51Y5NI-I5jL._AC_UX679_t.png","rating":{"rate":2.6,"count":235}},{"id":16,"title":"Lock and Love Women's Removable Hooded Faux Leather Moto Biker Jacket","price":29.95,"description":"100% POLYURETHANE(shell) 100% POLYESTER(lining) 75% POLYESTER 25% COTTON (SWEATER), Faux leather material for style and comfort / 2 pockets of front, 2-For-One Hooded denim style faux leather jacket, Button detail on waist / Detail stitching at sides, HAND WASH ONLY / DO NOT BLEACH / LINE DRY / DO NOT IRON","category":"women's clothing","image":"https://fakestoreapi.com/img/81XH0e8fefL._AC_UY879_t.png","rating":{"rate":2.9,"count":340}},{"id":17,"title":"Rain Jacket Women Windbreaker Striped Climbing Raincoats","price":39.99,"description":"Lightweight perfet for trip or casual wear---Long sleeve with hooded, adjustable drawstring waist design. Button and zipper front closure raincoat, fully stripes Lined and The Raincoat has 2 side pockets are a good size to hold all kinds of things, it covers the hips, and the hood is generous but doesn't overdo it.Attached Cotton Lined Hood with Adjustable Drawstrings give it a real styled look.","category":"women's clothing","image":"https://fakestoreapi.com/img/71HblAHs5xL._AC_UY879_-2t.png","rating":{"rate":3.8,"count":679}},{"id":18,"title":"MBJ Women's Solid Short Sleeve Boat Neck V ","price":9.85,"description":"95% RAYON 5% SPANDEX, Made in USA or Imported, Do Not Bleach, Lightweight fabric with great stretch for comfort, Ribbed on sleeves and neckline / Double stitching on bottom hem","category":"women's clothing","image":"https://fakestoreapi.com/img/71z3kpMAYsL._AC_UY879_t.png","rating":{"rate":4.7,"count":130}},{"id":19,"title":"Opna Women's Short Sleeve Moisture","price":7.95,"description":"100% Polyester, Machine wash, 100% cationic polyester interlock, Machine Wash &amp; Pre Shrunk for a Great Fit, Lightweight, roomy and highly breathable with moisture wicking fabric which helps to keep moisture away, Soft Lightweight Fabric with comfortable V-neck collar and a slimmer fit, ... (set the log level to DEBUG or TRACE to see the full content) 
 </msg>
<msg time="2026-05-04T14:31:06.575289" level="INFO">${response} = &lt;Response [200]&gt;</msg>
<var>${response}</var>
<arg>${BASE_URL}/products</arg>
<doc>Sends a GET request.</doc>
<status status="PASS" start="2026-05-04T14:31:06.372514" elapsed="0.202820"/>
</kw>
<kw name="Valider Reponse Produits" owner="api_keywords">
<kw name="Valider Status Code" owner="api_keywords">
<kw name="Should Be Equal As Integers" owner="BuiltIn">
<msg time="2026-05-04T14:31:06.576655" level="INFO">Argument types are:
&lt;class 'int'&gt;
&lt;class 'str'&gt;</msg>
<arg>${response.status_code}</arg>
<arg>${expected}</arg>
<doc>Fails if objects are unequal after converting them to integers.</doc>
<status status="PASS" start="2026-05-04T14:31:06.576132" elapsed="0.000651"/>
</kw>
<arg>${response}</arg>
<arg>200</arg>
<doc>Vérifie qu'un code HTTP est conforme.</doc>
<status status="PASS" start="2026-05-04T14:31:06.575902" elapsed="0.000971"/>
</kw>
<kw name="Valider Liste Produits" owner="api_keywords">
<kw name="Should Not Be Empty" owner="BuiltIn">
<msg time="2026-05-04T14:31:06.578203" level="INFO">Length is 20.</msg>
<arg>${json}</arg>
<doc>Verifies that the given item is not empty.</doc>
<status status="PASS" start="2026-05-04T14:31:06.578003" elapsed="0.000384"/>
</kw>
<kw name="Get Length" owner="BuiltIn">
<msg time="2026-05-04T14:31:06.578697" level="INFO">Length is 20.</msg>
<msg time="2026-05-04T14:31:06.578806" level="INFO">${length} = 20</msg>
<var>${length}</var>
<arg>${json}</arg>
<doc>Returns and logs the length of the given item as an integer.</doc>
<status status="PASS" start="2026-05-04T14:31:06.578556" elapsed="0.000275"/>
</kw>
<kw name="Should Be True" owner="BuiltIn">
<arg>${length} &gt; 0</arg>
<doc>Fails if the given condition is not true.</doc>
<status status="PASS" start="2026-05-04T14:31:06.578936" elapsed="0.000180"/>
</kw>
<arg>${response.json()}</arg>
<doc>Vérifie qu'une liste de produits n'est pas vide.</doc>
<status status="PASS" start="2026-05-04T14:31:06.577049" elapsed="0.002122"/>
</kw>
<kw name="Valider Premier Produit" owner="api_keywords">
<kw name="Get From List" owner="Collections">
<msg time="2026-05-04T14:31:06.580205" level="INFO">${first} = {'id': 1, 'title': 'Fjallraven - Foldsack No. 1 Backpack, Fits 15 Laptops', 'price': 109.95, 'description': 'Your perfect pack for everyday use and walks in the forest. Stash your laptop (up to 15 inc...</msg>
<var>${first}</var>
<arg>${json}</arg>
<arg>0</arg>
<doc>Returns the value specified with an ``index`` from ``list``.</doc>
<status status="PASS" start="2026-05-04T14:31:06.580016" elapsed="0.000214"/>
</kw>
<kw name="Dictionary Should Contain Key" owner="Collections">
<arg>${first}</arg>
<arg>title</arg>
<doc>Fails if ``key`` is not found from ``dictionary``.</doc>
<status status="PASS" start="2026-05-04T14:31:06.580330" elapsed="0.000139"/>
</kw>
<kw name="Dictionary Should Contain Key" owner="Collections">
<arg>${first}</arg>
<arg>price</arg>
<doc>Fails if ``key`` is not found from ``dictionary``.</doc>
<status status="PASS" start="2026-05-04T14:31:06.580549" elapsed="0.000120"/>
</kw>
<kw name="Dictionary Should Contain Key" owner="Collections">
<arg>${first}</arg>
<arg>id</arg>
<doc>Fails if ``key`` is not found from ``dictionary``.</doc>
<status status="PASS" start="2026-05-04T14:31:06.580735" elapsed="0.000115"/>
</kw>
<kw name="Get From Dictionary" owner="Collections">
<msg time="2026-05-04T14:31:06.581022" level="INFO">${price} = 109.95</msg>
<var>${price}</var>
<arg>${first}</arg>
<arg>price</arg>
<doc>Returns a value from the given ``dictionary`` based on the given ``key``.</doc>
<status status="PASS" start="2026-05-04T14:31:06.580917" elapsed="0.000123"/>
</kw>
<kw name="Should Be True" owner="BuiltIn">
<arg>isinstance(${price}, float) or isinstance(${price}, int)</arg>
<doc>Fails if the given condition is not true.</doc>
<status status="PASS" start="2026-05-04T14:31:06.581124" elapsed="0.000263"/>
</kw>
<kw name="Get From Dictionary" owner="Collections">
<msg time="2026-05-04T14:31:06.581584" level="INFO">${title} = Fjallraven - Foldsack No. 1 Backpack, Fits 15 Laptops</msg>
<var>${title}</var>
<arg>${first}</arg>
<arg>title</arg>
<doc>Returns a value from the given ``dictionary`` based on the given ``key``.</doc>
<status status="PASS" start="2026-05-04T14:31:06.581473" elapsed="0.000135"/>
</kw>
<kw name="Should Not Be Empty" owner="BuiltIn">
<msg time="2026-05-04T14:31:06.581835" level="INFO">Length is 53.</msg>
<arg>${title}</arg>
<doc>Verifies that the given item is not empty.</doc>
<status status="PASS" start="2026-05-04T14:31:06.581707" elapsed="0.000177"/>
</kw>
<arg>${response.json()}</arg>
<doc>Vérifie les champs du premier produit retourné.</doc>
<status status="PASS" start="2026-05-04T14:31:06.579350" elapsed="0.002599"/>
</kw>
<arg>${response}</arg>
<doc>Vérifie le statut et la structure de la réponse produits.</doc>
<status status="PASS" start="2026-05-04T14:31:06.575579" elapsed="0.006415"/>
</kw>
<doc>Vérifie le helper de validation des produits.</doc>
<status status="PASS" start="2026-05-04T14:31:06.372076" elapsed="0.210024"/>
</test>
<doc>Sanity checks for shared API validation keywords.</doc>
<status status="PASS" start="2026-05-04T14:31:06.363122" elapsed="0.219356"/>
</suite>
<suite id="s1-s1-s1-s3" name="Test Products" source="/opt/robotframework/tests/api_tests/tests/test_products.robot">
<test id="s1-s1-s1-s3-t1" name="GET tous les produit - validations complete" line="13">
<kw name="GET" owner="RequestsLibrary">
<msg time="2026-05-04T14:31:06.984207" level="INFO">GET Request : url=https://fakestoreapi.com/products 
 path_url=/products 
 headers={'User-Agent': 'python-requests/2.32.5', 'Accept-Encoding': 'gzip, deflate', 'Accept': '*/*', 'Connection': 'keep-alive'} 
 body=None 
 </msg>
<msg time="2026-05-04T14:31:06.984343" level="INFO">GET Response : url=https://fakestoreapi.com/products 
 status=200, reason=OK 
 headers={'Date': 'Mon, 04 May 2026 14:31:07 GMT', 'Content-Type': 'application/json; charset=utf-8', 'Transfer-Encoding': 'chunked', 'Connection': 'keep-alive', 'access-control-allow-origin': '*', 'etag': 'W/"2990-lZ2o94A2EDKiYW3/6/3oI74HHkw"', 'x-powered-by': 'Express', 'cf-cache-status': 'DYNAMIC', 'Nel': '{"report_to":"cf-nel","success_fraction":0.0,"max_age":604800}', 'Report-To': '{"group":"cf-nel","max_age":604800,"endpoints":[{"url":"https://a.nel.cloudflare.com/report/v4?s=BrdQ2pqYeWTV%2FPqSDbF3CIv%2B6Mt%2BgHxqJl0O5vcl9j9RN6thVB70CITr%2BntSlHfqM1qxlWqpz%2FJjgB8GHsdYiBG7nz3EGYrYg2XnZN29Z9tHkQE8KOayZBOADg4d4MquuDjI"}]}', 'Content-Encoding': 'gzip', 'Server': 'cloudflare', 'CF-RAY': '9f6835111883ec9e-MAD', 'alt-svc': 'h3=":443"; ma=86400'} 
 body=[{"id":1,"title":"Fjallraven - Foldsack No. 1 Backpack, Fits 15 Laptops","price":109.95,"description":"Your perfect pack for everyday use and walks in the forest. Stash your laptop (up to 15 inches) in the padded sleeve, your everyday","category":"men's clothing","image":"https://fakestoreapi.com/img/81fPKd-2AYL._AC_SL1500_t.png","rating":{"rate":3.9,"count":120}},{"id":2,"title":"Mens Casual Premium Slim Fit T-Shirts ","price":22.3,"description":"Slim-fitting style, contrast raglan long sleeve, three-button henley placket, light weight &amp; soft fabric for breathable and comfortable wearing. And Solid stitched shirts with round neck made for durability and a great fit for casual fashion wear and diehard baseball fans. The Henley style round neckline includes a three-button placket.","category":"men's clothing","image":"https://fakestoreapi.com/img/71-3HjGNDUL._AC_SY879._SX._UX._SY._UY_t.png","rating":{"rate":4.1,"count":259}},{"id":3,"title":"Mens Cotton Jacket","price":55.99,"description":"great outerwear jackets for Spring/Autumn/Winter, suitable for many occasions, such as working, hiking, camping, mountain/rock climbing, cycling, traveling or other outdoors. Good gift choice for you or your family member. A warm hearted love to Father, husband or son in this thanksgiving or Christmas Day.","category":"men's clothing","image":"https://fakestoreapi.com/img/71li-ujtlUL._AC_UX679_t.png","rating":{"rate":4.7,"count":500}},{"id":4,"title":"Mens Casual Slim Fit","price":15.99,"description":"The color could be slightly different between on the screen and in practice. / Please note that body builds vary by person, therefore, detailed size information should be reviewed below on the product description.","category":"men's clothing","image":"https://fakestoreapi.com/img/71YXzeOuslL._AC_UY879_t.png","rating":{"rate":2.1,"count":430}},{"id":5,"title":"John Hardy Women's Legends Naga Gold &amp; Silver Dragon Station Chain Bracelet","price":695,"description":"From our Legends Collection, the Naga was inspired by the mythical water dragon that protects the ocean's pearl. Wear facing inward to be bestowed with love and abundance, or outward for protection.","category":"jewelery","image":"https://fakestoreapi.com/img/71pWzhdJNwL._AC_UL640_QL65_ML3_t.png","rating":{"rate":4.6,"count":400}},{"id":6,"title":"Solid Gold Petite Micropave ","price":168,"description":"Satisfaction Guaranteed. Return or exchange any order within 30 days.Designed and sold by Hafeez Center in the United States. Satisfaction Guaranteed. Return or exchange any order within 30 days.","category":"jewelery","image":"https://fakestoreapi.com/img/61sbMiUnoGL._AC_UL640_QL65_ML3_t.png","rating":{"rate":3.9,"count":70}},{"id":7,"title":"White Gold Plated Princess","price":9.99,"description":"Classic Created Wedding Engagement Solitaire Diamond Promise Ring for Her. Gifts to spoil your love more for Engagement, Wedding, Anniversary, Valentine's Day...","category":"jewelery","image":"https://fakestoreapi.com/img/71YAIFU48IL._AC_UL640_QL65_ML3_t.png","rating":{"rate":3,"count":400}},{"id":8,"title":"Pierced Owl Rose Gold Plated Stainless Steel Double","price":10.99,"description":"Rose Gold Plated Double Flared Tunnel Plug Earrings. Made of 316L Stainless Steel","category":"jewelery","image":"https://fakestoreapi.com/img/51UDEzMJVpL._AC_UL640_QL65_ML3_t.png","rating":{"rate":1.9,"count":100}},{"id":9,"title":"WD 2TB Elements Portable External Hard Drive - USB 3.0 ","price":64,"description":"USB 3.0 and USB 2.0 Compatibility Fast data transfers Improve PC Performance High Capacity; Compatibility Formatted NTFS for Windows 10, Windows 8.1, Windows 7; Reformatting may be required for other operating systems; Compatibility may vary depending on user’s hardware configuration and operating system","category":"electronics","image":"https://fakestoreapi.com/img/61IBBVJvSDL._AC_SY879_t.png","rating":{"rate":3.3,"count":203}},{"id":10,"title":"SanDisk SSD PLUS 1TB Internal SSD - SATA III 6 Gb/s","price":109,"description":"Easy upgrade for faster boot up, shutdown, application load and response (As compared to 5400 RPM SATA 2.5” hard drive; Based on published specifications and internal benchmarking tests using PCMark vantage scores) Boosts burst write performance, making it ideal for typical PC workloads The perfect balance of performance and reliability Read/write speeds of up to 535MB/s/450MB/s (Based on internal testing; Performance may vary depending upon drive capacity, host device, OS and application.)","category":"electronics","image":"https://fakestoreapi.com/img/61U7T1koQqL._AC_SX679_t.png","rating":{"rate":2.9,"count":470}},{"id":11,"title":"Silicon Power 256GB SSD 3D NAND A55 SLC Cache Performance Boost SATA III 2.5","price":109,"description":"3D NAND flash are applied to deliver high transfer speeds Remarkable transfer speeds that enable faster bootup and improved overall system performance. The advanced SLC Cache Technology allows performance boost and longer lifespan 7mm slim design suitable for Ultrabooks and Ultra-slim notebooks. Supports TRIM command, Garbage Collection technology, RAID, and ECC (Error Checking &amp; Correction) to provide the optimized performance and enhanced reliability.","category":"electronics","image":"https://fakestoreapi.com/img/71kWymZ+c+L._AC_SX679_t.png","rating":{"rate":4.8,"count":319}},{"id":12,"title":"WD 4TB Gaming Drive Works with Playstation 4 Portable External Hard Drive","price":114,"description":"Expand your PS4 gaming experience, Play anywhere Fast and easy, setup Sleek design with high capacity, 3-year manufacturer's limited warranty","category":"electronics","image":"https://fakestoreapi.com/img/61mtL65D4cL._AC_SX679_t.png","rating":{"rate":4.8,"count":400}},{"id":13,"title":"Acer SB220Q bi 21.5 inches Full HD (1920 x 1080) IPS Ultra-Thin","price":599,"description":"21. 5 inches Full HD (1920 x 1080) widescreen IPS display And Radeon free Sync technology. No compatibility for VESA Mount Refresh Rate: 75Hz - Using HDMI port Zero-frame design | ultra-thin | 4ms response time | IPS panel Aspect ratio - 16: 9. Color Supported - 16. 7 million colors. Brightness - 250 nit Tilt angle -5 degree to 15 degree. Horizontal viewing angle-178 degree. Vertical viewing angle-178 degree 75 hertz","category":"electronics","image":"https://fakestoreapi.com/img/81QpkIctqPL._AC_SX679_t.png","rating":{"rate":2.9,"count":250}},{"id":14,"title":"Samsung 49-Inch CHG90 144Hz Curved Gaming Monitor (LC49HG90DMNXZA) – Super Ultrawide Screen QLED ","price":999.99,"description":"49 INCH SUPER ULTRAWIDE 32:9 CURVED GAMING MONITOR with dual 27 inch screen side by side QUANTUM DOT (QLED) TECHNOLOGY, HDR support and factory calibration provides stunningly realistic and accurate color and contrast 144HZ HIGH REFRESH RATE and 1ms ultra fast response time work to eliminate motion blur, ghosting, and reduce input lag","category":"electronics","image":"https://fakestoreapi.com/img/81Zt42ioCgL._AC_SX679_t.png","rating":{"rate":2.2,"count":140}},{"id":15,"title":"BIYLACLESEN Women's 3-in-1 Snowboard Jacket Winter Coats","price":56.99,"description":"Note:The Jackets is US standard size, Please choose size as your usual wear Material: 100% Polyester; Detachable Liner Fabric: Warm Fleece. Detachable Functional Liner: Skin Friendly, Lightweigt and Warm.Stand Collar Liner jacket, keep you warm in cold weather. Zippered Pockets: 2 Zippered Hand Pockets, 2 Zippered Pockets on Chest (enough to keep cards or keys)and 1 Hidden Pocket Inside.Zippered Hand Pockets and Hidden Pocket keep your things secure. Humanized Design: Adjustable and Detachable Hood and Adjustable cuff to prevent the wind and water,for a comfortable fit. 3 in 1 Detachable Design provide more convenience, you can separate the coat and inner as needed, or wear it together. It is suitable for different season and help you adapt to different climates","category":"women's clothing","image":"https://fakestoreapi.com/img/51Y5NI-I5jL._AC_UX679_t.png","rating":{"rate":2.6,"count":235}},{"id":16,"title":"Lock and Love Women's Removable Hooded Faux Leather Moto Biker Jacket","price":29.95,"description":"100% POLYURETHANE(shell) 100% POLYESTER(lining) 75% POLYESTER 25% COTTON (SWEATER), Faux leather material for style and comfort / 2 pockets of front, 2-For-One Hooded denim style faux leather jacket, Button detail on waist / Detail stitching at sides, HAND WASH ONLY / DO NOT BLEACH / LINE DRY / DO NOT IRON","category":"women's clothing","image":"https://fakestoreapi.com/img/81XH0e8fefL._AC_UY879_t.png","rating":{"rate":2.9,"count":340}},{"id":17,"title":"Rain Jacket Women Windbreaker Striped Climbing Raincoats","price":39.99,"description":"Lightweight perfet for trip or casual wear---Long sleeve with hooded, adjustable drawstring waist design. Button and zipper front closure raincoat, fully stripes Lined and The Raincoat has 2 side pockets are a good size to hold all kinds of things, it covers the hips, and the hood is generous but doesn't overdo it.Attached Cotton Lined Hood with Adjustable Drawstrings give it a real styled look.","category":"women's clothing","image":"https://fakestoreapi.com/img/71HblAHs5xL._AC_UY879_-2t.png","rating":{"rate":3.8,"count":679}},{"id":18,"title":"MBJ Women's Solid Short Sleeve Boat Neck V ","price":9.85,"description":"95% RAYON 5% SPANDEX, Made in USA or Imported, Do Not Bleach, Lightweight fabric with great stretch for comfort, Ribbed on sleeves and neckline / Double stitching on bottom hem","category":"women's clothing","image":"https://fakestoreapi.com/img/71z3kpMAYsL._AC_UY879_t.png","rating":{"rate":4.7,"count":130}},{"id":19,"title":"Opna Women's Short Sleeve Moisture","price":7.95,"description":"100% Polyester, Machine wash, 100% cationic polyester interlock, Machine Wash &amp; Pre Shrunk for a Great Fit, Lightweight, roomy and highly breathable with moisture wicking fabric which helps to keep moisture away, Soft Lightweight Fabric with comfortable V-neck collar and a slimmer fit, ... (set the log level to DEBUG or TRACE to see the full content) 
 </msg>
<msg time="2026-05-04T14:31:06.986007" level="INFO">${response} = &lt;Response [200]&gt;</msg>
<var>${response}</var>
<arg>${BASE_URL}/products</arg>
<doc>Sends a GET request.</doc>
<status status="PASS" start="2026-05-04T14:31:06.602030" elapsed="0.384003"/>
</kw>
<kw name="Valider Reponse Produits" owner="api_keywords">
<kw name="Valider Status Code" owner="api_keywords">
<kw name="Should Be Equal As Integers" owner="BuiltIn">
<msg time="2026-05-04T14:31:06.987065" level="INFO">Argument types are:
&lt;class 'int'&gt;
&lt;class 'str'&gt;</msg>
<arg>${response.status_code}</arg>
<arg>${expected}</arg>
<doc>Fails if objects are unequal after converting them to integers.</doc>
<status status="PASS" start="2026-05-04T14:31:06.986700" elapsed="0.000408"/>
</kw>
<arg>${response}</arg>
<arg>200</arg>
<doc>Vérifie qu'un code HTTP est conforme.</doc>
<status status="PASS" start="2026-05-04T14:31:06.986522" elapsed="0.000633"/>
</kw>
<kw name="Valider Liste Produits" owner="api_keywords">
<kw name="Should Not Be Empty" owner="BuiltIn">
<msg time="2026-05-04T14:31:06.987707" level="INFO">Length is 20.</msg>
<arg>${json}</arg>
<doc>Verifies that the given item is not empty.</doc>
<status status="PASS" start="2026-05-04T14:31:06.987632" elapsed="0.000103"/>
</kw>
<kw name="Get Length" owner="BuiltIn">
<msg time="2026-05-04T14:31:06.987853" level="INFO">Length is 20.</msg>
<msg time="2026-05-04T14:31:06.987895" level="INFO">${length} = 20</msg>
<var>${length}</var>
<arg>${json}</arg>
<doc>Returns and logs the length of the given item as an integer.</doc>
<status status="PASS" start="2026-05-04T14:31:06.987793" elapsed="0.000115"/>
</kw>
<kw name="Should Be True" owner="BuiltIn">
<arg>${length} &gt; 0</arg>
<doc>Fails if the given condition is not true.</doc>
<status status="PASS" start="2026-05-04T14:31:06.987959" elapsed="0.000099"/>
</kw>
<arg>${response.json()}</arg>
<doc>Vérifie qu'une liste de produits n'est pas vide.</doc>
<status status="PASS" start="2026-05-04T14:31:06.987247" elapsed="0.000846"/>
</kw>
<kw name="Valider Premier Produit" owner="api_keywords">
<kw name="Get From List" owner="Collections">
<msg time="2026-05-04T14:31:06.989001" level="INFO">${first} = {'id': 1, 'title': 'Fjallraven - Foldsack No. 1 Backpack, Fits 15 Laptops', 'price': 109.95, 'description': 'Your perfect pack for everyday use and walks in the forest. Stash your laptop (up to 15 inc...</msg>
<var>${first}</var>
<arg>${json}</arg>
<arg>0</arg>
<doc>Returns the value specified with an ``index`` from ``list``.</doc>
<status status="PASS" start="2026-05-04T14:31:06.988893" elapsed="0.000126"/>
</kw>
<kw name="Dictionary Should Contain Key" owner="Collections">
<arg>${first}</arg>
<arg>title</arg>
<doc>Fails if ``key`` is not found from ``dictionary``.</doc>
<status status="PASS" start="2026-05-04T14:31:06.989077" elapsed="0.000077"/>
</kw>
<kw name="Dictionary Should Contain Key" owner="Collections">
<arg>${first}</arg>
<arg>price</arg>
<doc>Fails if ``key`` is not found from ``dictionary``.</doc>
<status status="PASS" start="2026-05-04T14:31:06.989205" elapsed="0.000071"/>
</kw>
<kw name="Dictionary Should Contain Key" owner="Collections">
<arg>${first}</arg>
<arg>id</arg>
<doc>Fails if ``key`` is not found from ``dictionary``.</doc>
<status status="PASS" start="2026-05-04T14:31:06.989328" elapsed="0.000071"/>
</kw>
<kw name="Get From Dictionary" owner="Collections">
<msg time="2026-05-04T14:31:06.989535" level="INFO">${price} = 109.95</msg>
<var>${price}</var>
<arg>${first}</arg>
<arg>price</arg>
<doc>Returns a value from the given ``dictionary`` based on the given ``key``.</doc>
<status status="PASS" start="2026-05-04T14:31:06.989451" elapsed="0.000098"/>
</kw>
<kw name="Should Be True" owner="BuiltIn">
<arg>isinstance(${price}, float) or isinstance(${price}, int)</arg>
<doc>Fails if the given condition is not true.</doc>
<status status="PASS" start="2026-05-04T14:31:06.989600" elapsed="0.000134"/>
</kw>
<kw name="Get From Dictionary" owner="Collections">
<msg time="2026-05-04T14:31:06.989879" level="INFO">${title} = Fjallraven - Foldsack No. 1 Backpack, Fits 15 Laptops</msg>
<var>${title}</var>
<arg>${first}</arg>
<arg>title</arg>
<doc>Returns a value from the given ``dictionary`` based on the given ``key``.</doc>
<status status="PASS" start="2026-05-04T14:31:06.989790" elapsed="0.000103"/>
</kw>
<kw name="Should Not Be Empty" owner="BuiltIn">
<msg time="2026-05-04T14:31:06.990007" level="INFO">Length is 53.</msg>
<arg>${title}</arg>
<doc>Verifies that the given item is not empty.</doc>
<status status="PASS" start="2026-05-04T14:31:06.989945" elapsed="0.000097"/>
</kw>
<arg>${response.json()}</arg>
<doc>Vérifie les champs du premier produit retourné.</doc>
<status status="PASS" start="2026-05-04T14:31:06.988462" elapsed="0.001611"/>
</kw>
<arg>${response}</arg>
<doc>Vérifie le statut et la structure de la réponse produits.</doc>
<status status="PASS" start="2026-05-04T14:31:06.986207" elapsed="0.003894"/>
</kw>
<doc>Vérifie que l'endpoint produits retourne un catalogue valide.</doc>
<status status="PASS" start="2026-05-04T14:31:06.601343" elapsed="0.388825"/>
</test>
<doc>Validates the products endpoint of the Fake Store API.</doc>
<status status="PASS" start="2026-05-04T14:31:06.583141" elapsed="0.407276"/>
</suite>
<status status="PASS" start="2026-05-04T14:31:06.063273" elapsed="0.927546"/>
</suite>
<status status="PASS" start="2026-05-04T14:31:06.062336" elapsed="0.929053"/>
</suite>
<suite id="s1-s2" name="Ui Tests" source="/opt/robotframework/tests/ui_tests">
<suite id="s1-s2-s1" name="Tests" source="/opt/robotframework/tests/ui_tests/tests">
<suite id="s1-s2-s1-s1" name="Test E2E Purchase" source="/opt/robotframework/tests/ui_tests/tests/test_e2e_purchase.robot">
<test id="s1-s2-s1-s1-t1" name="Achat Complet Produit" line="11">
<kw name="Ouvrir Page Login" owner="login_page">
<kw name="New Browser" owner="Browser">
<msg time="2026-05-04T14:31:07.189118" level="INFO">{"browser": "chromium", "headless": true, "chromiumSandbox": false, "devtools": false, "handleSIGHUP": true, "handleSIGINT": true, "handleSIGTERM": true, "slowMo": 0.0, "timeout": 30000.0, "tracesDir": "/opt/robotframework/reports/browser/traces/temp/011df4a6-b075-46b2-8eee-193449020224"}</msg>
<msg time="2026-05-04T14:31:07.219372" level="INFO">Starting Browser process /usr/local/lib/python3.13/site-packages/Browser/wrapper/index.js using at 127.0.0.1:33493</msg>
<msg time="2026-05-04T14:31:08.111233" level="INFO">Successfully created browser with options: {"browser":"chromium","headless":true,"chromiumSandbox":false,"devtools":false,"handleSIGHUP":true,"handleSIGINT":true,"handleSIGTERM":true,"slowMo":0,"timeout":30000,"tracesDir":"/opt/robotframework/reports/browser/traces/temp/011df4a6-b075-46b2-8eee-193449020224"}</msg>
<arg>chromium</arg>
<arg>headless=True</arg>
<tag>BrowserControl</tag>
<tag>Setter</tag>
<doc>Create a new playwright Browser with specified options.</doc>
<status status="PASS" start="2026-05-04T14:31:07.186874" elapsed="0.924625"/>
</kw>
<kw name="New Context" owner="Browser">
<msg time="2026-05-04T14:31:08.116619" level="INFO">{
  "acceptDownloads": true,
  "bypassCSP": false,
  "forcedColors": "none",
  "ignoreHTTPSErrors": false,
  "javaScriptEnabled": true,
  "offline": false,
  "reducedMotion": "no-preference",
  "serviceWorkers": "allow",
  "viewport": {
    "height": 720,
    "width": 1280
  }
}</msg>
<msg time="2026-05-04T14:31:08.135752" level="INFO">Successfully created context. </msg>
<msg time="2026-05-04T14:31:08.135853" level="INFO">{'acceptDownloads': True, 'bypassCSP': False, 'forcedColors': 'none', 'ignoreHTTPSErrors': False, 'javaScriptEnabled': True, 'offline': False, 'reducedMotion': 'no-preference', 'serviceWorkers': 'allow', 'viewport': {'height': 720, 'width': 1280}}</msg>
<tag>BrowserControl</tag>
<tag>Setter</tag>
<doc>Create a new BrowserContext with specified options.</doc>
<status status="PASS" start="2026-05-04T14:31:08.111861" elapsed="0.024090"/>
</kw>
<kw name="New Page" owner="Browser">
<msg time="2026-05-04T14:31:08.968752" level="INFO">Successfully initialized new page object and opened url: https://www.saucedemo.com/</msg>
<arg>https://www.saucedemo.com/</arg>
<tag>BrowserControl</tag>
<tag>Setter</tag>
<doc>Open a new Page.</doc>
<status status="PASS" start="2026-05-04T14:31:08.136159" elapsed="0.833171"/>
</kw>
<doc>Ouvre la page de connexion SauceDemo en Chromium headless.</doc>
<status status="PASS" start="2026-05-04T14:31:07.185105" elapsed="1.784347"/>
</kw>
<kw name="Se Connecter Avec Credentials" owner="login_page">
<kw name="Fill Text" owner="Browser">
<msg time="2026-05-04T14:31:08.975424" level="INFO">Fills the text 'standard_user' in the given field.</msg>
<arg>${USERNAME_INPUT}</arg>
<arg>${username}</arg>
<tag>PageContent</tag>
<tag>Setter</tag>
<doc>Clears and fills the given ``txt`` into the text field found by ``selector``.</doc>
<status status="PASS" start="2026-05-04T14:31:08.972988" elapsed="0.067198"/>
</kw>
<kw name="Fill Text" owner="Browser">
<msg time="2026-05-04T14:31:09.042949" level="INFO">Fills the text 'secret_sauce' in the given field.</msg>
<arg>${PASSWORD_INPUT}</arg>
<arg>${password}</arg>
<tag>PageContent</tag>
<tag>Setter</tag>
<doc>Clears and fills the given ``txt`` into the text field found by ``selector``.</doc>
<status status="PASS" start="2026-05-04T14:31:09.040431" elapsed="0.017264"/>
</kw>
<kw name="Click" owner="Browser">
<msg time="2026-05-04T14:31:09.060569" level="INFO">Clicks the element 'css=#login-button'.</msg>
<arg>${LOGIN_BUTTON}</arg>
<tag>PageContent</tag>
<tag>Setter</tag>
<doc>Simulates mouse click on the element found by ``selector``.</doc>
<status status="PASS" start="2026-05-04T14:31:09.057933" elapsed="0.127369"/>
</kw>
<arg>standard_user</arg>
<arg>secret_sauce</arg>
<doc>Renseigne les identifiants et soumet le formulaire.</doc>
<status status="PASS" start="2026-05-04T14:31:08.969664" elapsed="0.215795"/>
</kw>
<kw name="Ajouter Premier Produit Au Panier" owner="inventory_page">
<kw name="Click" owner="Browser">
<msg time="2026-05-04T14:31:09.191403" level="INFO">Clicks the element 'css=#add-to-cart-sauce-labs-backpack'.</msg>
<arg>css=#add-to-cart-sauce-labs-backpack</arg>
<tag>PageContent</tag>
<tag>Setter</tag>
<doc>Simulates mouse click on the element found by ``selector``.</doc>
<status status="PASS" start="2026-05-04T14:31:09.188321" elapsed="0.034007"/>
</kw>
<doc>Ajoute le premier produit au panier.</doc>
<status status="PASS" start="2026-05-04T14:31:09.185662" elapsed="0.036810"/>
</kw>
<kw name="Aller Au Panier" owner="inventory_page">
<kw name="Click" owner="Browser">
<msg time="2026-05-04T14:31:09.227342" level="INFO">Clicks the element 'css=#shopping_cart_container'.</msg>
<arg>${CART_ICON}</arg>
<tag>PageContent</tag>
<tag>Setter</tag>
<doc>Simulates mouse click on the element found by ``selector``.</doc>
<status status="PASS" start="2026-05-04T14:31:09.224475" elapsed="0.068389"/>
</kw>
<doc>Ouvre le panier.</doc>
<status status="PASS" start="2026-05-04T14:31:09.222659" elapsed="0.070429"/>
</kw>
<kw name="Aller Au Checkout" owner="cart_page">
<kw name="Click" owner="Browser">
<msg time="2026-05-04T14:31:09.299805" level="INFO">Clicks the element 'css=#checkout'.</msg>
<arg>css=#checkout</arg>
<tag>PageContent</tag>
<tag>Setter</tag>
<doc>Simulates mouse click on the element found by ``selector``.</doc>
<status status="PASS" start="2026-05-04T14:31:09.296180" elapsed="0.065493"/>
</kw>
<doc>Lance le tunnel de paiement.</doc>
<status status="PASS" start="2026-05-04T14:31:09.293375" elapsed="0.068546"/>
</kw>
<kw name="Remplir Informations Client" owner="checkout_page">
<kw name="Fill Text" owner="Browser">
<msg time="2026-05-04T14:31:09.369020" level="INFO">Fills the text 'John' in the given field.</msg>
<arg>${FIRST_NAME}</arg>
<arg>${first}</arg>
<tag>PageContent</tag>
<tag>Setter</tag>
<doc>Clears and fills the given ``txt`` into the text field found by ``selector``.</doc>
<status status="PASS" start="2026-05-04T14:31:09.365248" elapsed="0.021666"/>
</kw>
<kw name="Fill Text" owner="Browser">
<msg time="2026-05-04T14:31:09.390320" level="INFO">Fills the text 'Doe' in the given field.</msg>
<arg>${LAST_NAME}</arg>
<arg>${last}</arg>
<tag>PageContent</tag>
<tag>Setter</tag>
<doc>Clears and fills the given ``txt`` into the text field found by ``selector``.</doc>
<status status="PASS" start="2026-05-04T14:31:09.387245" elapsed="0.020862"/>
</kw>
<kw name="Fill Text" owner="Browser">
<msg time="2026-05-04T14:31:09.411865" level="INFO">Fills the text '12345' in the given field.</msg>
<arg>${POSTAL_CODE}</arg>
<arg>${zip}</arg>
<tag>PageContent</tag>
<tag>Setter</tag>
<doc>Clears and fills the given ``txt`` into the text field found by ``selector``.</doc>
<status status="PASS" start="2026-05-04T14:31:09.408424" elapsed="0.021339"/>
</kw>
<arg>John</arg>
<arg>Doe</arg>
<arg>12345</arg>
<doc>Remplit les informations client du checkout.</doc>
<status status="PASS" start="2026-05-04T14:31:09.362340" elapsed="0.067591"/>
</kw>
<kw name="Confirmer Achat" owner="checkout_page">
<kw name="Click" owner="Browser">
<msg time="2026-05-04T14:31:09.435599" level="INFO">Clicks the element 'css=#finish'.</msg>
<msg time="2026-05-04T14:31:19.533951" level="INFO" html="true">&lt;/td&gt;&lt;/tr&gt;&lt;tr&gt;&lt;td colspan="3"&gt;&lt;a href="browser/screenshot/fail-screenshot-1.png" target="_blank"&gt;&lt;img src="browser/screenshot/fail-screenshot-1.png" width="800px"/&gt;&lt;/a&gt;</msg>
<msg time="2026-05-04T14:31:19.534232" level="INFO">See also file:///opt/robotframework/reports/playwright-log.txt for additional details.</msg>
<msg time="2026-05-04T14:31:19.534752" level="FAIL">TimeoutError: locator.click: Timeout 10000ms exceeded.
Call log:
  - waiting for locator('#finish')
</msg>
<arg>${FINISH}</arg>
<tag>PageContent</tag>
<tag>Setter</tag>
<doc>Simulates mouse click on the element found by ``selector``.</doc>
<status status="FAIL" start="2026-05-04T14:31:09.432460" elapsed="10.105852">TimeoutError: locator.click: Timeout 10000ms exceeded.
Call log:
  - waiting for locator('#finish')
</status>
</kw>
<doc>Confirme la commande en cours.</doc>
<status status="FAIL" start="2026-05-04T14:31:09.430179" elapsed="10.108428">TimeoutError: locator.click: Timeout 10000ms exceeded.
Call log:
  - waiting for locator('#finish')
</status>
</kw>
<kw name="Page Should Contain">
<arg>Thank you for your order</arg>
<status status="NOT RUN" start="2026-05-04T14:31:19.538941" elapsed="0.001590"/>
</kw>
<msg time="2026-05-04T14:31:19.555230" level="INFO">Switching context to context=c8925c8e-7761-4160-8946-1dfa6422b0c5 in CURRENT</msg>
<msg time="2026-05-04T14:31:19.562633" level="INFO">Successfully changed active context: context=c8925c8e-7761-4160-8946-1dfa6422b0c5</msg>
<msg time="2026-05-04T14:31:19.571883" level="INFO">Successfully closed Context</msg>
<doc>Vérifie le parcours d'achat complet sur SauceDemo.</doc>
<status status="FAIL" start="2026-05-04T14:31:07.184565" elapsed="12.356329">TimeoutError: locator.click: Timeout 10000ms exceeded.
Call log:
  - waiting for locator('#finish')
</status>
</test>
<doc>End-to-end purchase flow for SauceDemo.</doc>
<status status="FAIL" start="2026-05-04T14:31:06.993276" elapsed="12.579114"/>
</suite>
<suite id="s1-s2-s1-s2" name="Test Login" source="/opt/robotframework/tests/ui_tests/tests/test_login.robot">
<test id="s1-s2-s1-s2-t1" name="Login Valide SauceDemo" line="8">
<kw name="Ouvrir Page Login" owner="login_page">
<kw name="New Browser" owner="Browser">
<msg time="2026-05-04T14:31:19.596325" level="INFO">Switching browser to browser=fda29d68-547c-4f9e-b1dd-fbd522418f93</msg>
<msg time="2026-05-04T14:31:19.598961" level="INFO">Successfully changed active browser: browser=fda29d68-547c-4f9e-b1dd-fbd522418f93</msg>
<msg time="2026-05-04T14:31:19.599101" level="INFO">Reusing existing browser with id: browser=fda29d68-547c-4f9e-b1dd-fbd522418f93</msg>
<arg>chromium</arg>
<arg>headless=True</arg>
<tag>BrowserControl</tag>
<tag>Setter</tag>
<doc>Create a new playwright Browser with specified options.</doc>
<status status="PASS" start="2026-05-04T14:31:19.594278" elapsed="0.004879"/>
</kw>
<kw name="New Context" owner="Browser">
<msg time="2026-05-04T14:31:19.602687" level="INFO">{
  "acceptDownloads": true,
  "bypassCSP": false,
  "forcedColors": "none",
  "ignoreHTTPSErrors": false,
  "javaScriptEnabled": true,
  "offline": false,
  "reducedMotion": "no-preference",
  "serviceWorkers": "allow",
  "viewport": {
    "height": 720,
    "width": 1280
  }
}</msg>
<msg time="2026-05-04T14:31:19.609045" level="INFO">Successfully created context. </msg>
<msg time="2026-05-04T14:31:19.609154" level="INFO">{'acceptDownloads': True, 'bypassCSP': False, 'forcedColors': 'none', 'ignoreHTTPSErrors': False, 'javaScriptEnabled': True, 'offline': False, 'reducedMotion': 'no-preference', 'serviceWorkers': 'allow', 'viewport': {'height': 720, 'width': 1280}}</msg>
<tag>BrowserControl</tag>
<tag>Setter</tag>
<doc>Create a new BrowserContext with specified options.</doc>
<status status="PASS" start="2026-05-04T14:31:19.599404" elapsed="0.009828"/>
</kw>
<kw name="New Page" owner="Browser">
<msg time="2026-05-04T14:31:20.182657" level="INFO">Successfully initialized new page object and opened url: https://www.saucedemo.com/</msg>
<arg>https://www.saucedemo.com/</arg>
<tag>BrowserControl</tag>
<tag>Setter</tag>
<doc>Open a new Page.</doc>
<status status="PASS" start="2026-05-04T14:31:19.609564" elapsed="0.573315"/>
</kw>
<doc>Ouvre la page de connexion SauceDemo en Chromium headless.</doc>
<status status="PASS" start="2026-05-04T14:31:19.592815" elapsed="0.590167"/>
</kw>
<kw name="Se Connecter Avec Credentials" owner="login_page">
<kw name="Fill Text" owner="Browser">
<msg time="2026-05-04T14:31:20.187115" level="INFO">Fills the text 'standard_user' in the given field.</msg>
<arg>${USERNAME_INPUT}</arg>
<arg>${username}</arg>
<tag>PageContent</tag>
<tag>Setter</tag>
<doc>Clears and fills the given ``txt`` into the text field found by ``selector``.</doc>
<status status="PASS" start="2026-05-04T14:31:20.185049" elapsed="0.036815"/>
</kw>
<kw name="Fill Text" owner="Browser">
<msg time="2026-05-04T14:31:20.224598" level="INFO">Fills the text 'secret_sauce' in the given field.</msg>
<arg>${PASSWORD_INPUT}</arg>
<arg>${password}</arg>
<tag>PageContent</tag>
<tag>Setter</tag>
<doc>Clears and fills the given ``txt`` into the text field found by ``selector``.</doc>
<status status="PASS" start="2026-05-04T14:31:20.222071" elapsed="0.013055"/>
</kw>
<kw name="Click" owner="Browser">
<msg time="2026-05-04T14:31:20.237572" level="INFO">Clicks the element 'css=#login-button'.</msg>
<arg>${LOGIN_BUTTON}</arg>
<tag>PageContent</tag>
<tag>Setter</tag>
<doc>Simulates mouse click on the element found by ``selector``.</doc>
<status status="PASS" start="2026-05-04T14:31:20.235363" elapsed="0.065445"/>
</kw>
<arg>standard_user</arg>
<arg>secret_sauce</arg>
<doc>Renseigne les identifiants et soumet le formulaire.</doc>
<status status="PASS" start="2026-05-04T14:31:20.183164" elapsed="0.117775"/>
</kw>
<kw name="Verifier Login Reussi" owner="login_page">
<kw name="Get Url" owner="Browser">
<msg time="2026-05-04T14:31:20.308663" level="INFO">${current_url} = https://www.saucedemo.com/inventory.html</msg>
<var>${current_url}</var>
<tag>Assertion</tag>
<tag>Getter</tag>
<tag>PageContent</tag>
<doc>Returns the current URL.</doc>
<status status="PASS" start="2026-05-04T14:31:20.302957" elapsed="0.005763"/>
</kw>
<kw name="Should Be Equal As Strings" owner="BuiltIn">
<arg>${current_url}</arg>
<arg>https://www.saucedemo.com/inventory.html</arg>
<doc>Fails if objects are unequal after converting them to strings.</doc>
<status status="PASS" start="2026-05-04T14:31:20.308895" elapsed="0.003046"/>
</kw>
<kw name="Get Text" owner="Browser">
<msg time="2026-05-04T14:31:20.366228" level="INFO">Text: 'Products'</msg>
<msg time="2026-05-04T14:31:20.366393" level="INFO">${page_title} = Products</msg>
<var>${page_title}</var>
<arg>css=span.title</arg>
<tag>Assertion</tag>
<tag>Getter</tag>
<tag>PageContent</tag>
<doc>Returns text attribute of the element found by ``selector``.</doc>
<status status="PASS" start="2026-05-04T14:31:20.312141" elapsed="0.054276"/>
</kw>
<kw name="Should Be Equal As Strings" owner="BuiltIn">
<arg>${page_title}</arg>
<arg>Products</arg>
<doc>Fails if objects are unequal after converting them to strings.</doc>
<status status="PASS" start="2026-05-04T14:31:20.366579" elapsed="0.001881"/>
</kw>
<doc>Vérifie la redirection vers l'inventaire après connexion.</doc>
<status status="PASS" start="2026-05-04T14:31:20.301156" elapsed="0.067402"/>
</kw>
<kw name="Fermer Browser" owner="login_page">
<kw name="Close Browser" owner="Browser">
<msg time="2026-05-04T14:31:20.413705" level="INFO">Closed browser</msg>
<tag>BrowserControl</tag>
<tag>Setter</tag>
<doc>Closes the current browser.</doc>
<status status="PASS" start="2026-05-04T14:31:20.370245" elapsed="0.043707"/>
</kw>
<doc>Ferme le navigateur.</doc>
<status status="PASS" start="2026-05-04T14:31:20.368777" elapsed="0.045310"/>
</kw>
<doc>Vérifie un login valide sur SauceDemo.</doc>
<status status="PASS" start="2026-05-04T14:31:19.590385" elapsed="0.823862"/>
</test>
<test id="s1-s2-s1-s2-t2" name="Login Invalide - utilisateur incorrect" line="15">
<kw name="Ouvrir Page Login" owner="login_page">
<kw name="New Browser" owner="Browser">
<msg time="2026-05-04T14:31:20.434898" level="INFO">{"browser": "chromium", "headless": true, "chromiumSandbox": false, "devtools": false, "handleSIGHUP": true, "handleSIGINT": true, "handleSIGTERM": true, "slowMo": 0.0, "timeout": 30000.0, "tracesDir": "/opt/robotframework/reports/browser/traces/temp/da39fc90-e246-4a87-860e-86d70100e9e2"}</msg>
<msg time="2026-05-04T14:31:20.506948" level="INFO">Successfully created browser with options: {"browser":"chromium","headless":true,"chromiumSandbox":false,"devtools":false,"handleSIGHUP":true,"handleSIGINT":true,"handleSIGTERM":true,"slowMo":0,"timeout":30000,"tracesDir":"/opt/robotframework/reports/browser/traces/temp/da39fc90-e246-4a87-860e-86d70100e9e2"}</msg>
<arg>chromium</arg>
<arg>headless=True</arg>
<tag>BrowserControl</tag>
<tag>Setter</tag>
<doc>Create a new playwright Browser with specified options.</doc>
<status status="PASS" start="2026-05-04T14:31:20.431480" elapsed="0.075684"/>
</kw>
<kw name="New Context" owner="Browser">
<msg time="2026-05-04T14:31:20.510175" level="INFO">{
  "acceptDownloads": true,
  "bypassCSP": false,
  "forcedColors": "none",
  "ignoreHTTPSErrors": false,
  "javaScriptEnabled": true,
  "offline": false,
  "reducedMotion": "no-preference",
  "serviceWorkers": "allow",
  "viewport": {
    "height": 720,
    "width": 1280
  }
}</msg>
<msg time="2026-05-04T14:31:20.516031" level="INFO">Successfully created context. </msg>
<msg time="2026-05-04T14:31:20.516125" level="INFO">{'acceptDownloads': True, 'bypassCSP': False, 'forcedColors': 'none', 'ignoreHTTPSErrors': False, 'javaScriptEnabled': True, 'offline': False, 'reducedMotion': 'no-preference', 'serviceWorkers': 'allow', 'viewport': {'height': 720, 'width': 1280}}</msg>
<tag>BrowserControl</tag>
<tag>Setter</tag>
<doc>Create a new BrowserContext with specified options.</doc>
<status status="PASS" start="2026-05-04T14:31:20.507389" elapsed="0.008803"/>
</kw>
<kw name="New Page" owner="Browser">
<msg time="2026-05-04T14:31:21.176132" level="INFO">Successfully initialized new page object and opened url: https://www.saucedemo.com/</msg>
<arg>https://www.saucedemo.com/</arg>
<tag>BrowserControl</tag>
<tag>Setter</tag>
<doc>Open a new Page.</doc>
<status status="PASS" start="2026-05-04T14:31:20.516362" elapsed="0.660020"/>
</kw>
<doc>Ouvre la page de connexion SauceDemo en Chromium headless.</doc>
<status status="PASS" start="2026-05-04T14:31:20.429559" elapsed="0.746941"/>
</kw>
<kw name="Se Connecter Avec Credentials" owner="login_page">
<kw name="Fill Text" owner="Browser">
<msg time="2026-05-04T14:31:21.180399" level="INFO">Fills the text 'wrong_user' in the given field.</msg>
<arg>${USERNAME_INPUT}</arg>
<arg>${username}</arg>
<tag>PageContent</tag>
<tag>Setter</tag>
<doc>Clears and fills the given ``txt`` into the text field found by ``selector``.</doc>
<status status="PASS" start="2026-05-04T14:31:21.178526" elapsed="0.033480"/>
</kw>
<kw name="Fill Text" owner="Browser">
<msg time="2026-05-04T14:31:21.214517" level="INFO">Fills the text 'wrong_pass' in the given field.</msg>
<arg>${PASSWORD_INPUT}</arg>
<arg>${password}</arg>
<tag>PageContent</tag>
<tag>Setter</tag>
<doc>Clears and fills the given ``txt`` into the text field found by ``selector``.</doc>
<status status="PASS" start="2026-05-04T14:31:21.212247" elapsed="0.011497"/>
</kw>
<kw name="Click" owner="Browser">
<msg time="2026-05-04T14:31:21.226305" level="INFO">Clicks the element 'css=#login-button'.</msg>
<arg>${LOGIN_BUTTON}</arg>
<tag>PageContent</tag>
<tag>Setter</tag>
<doc>Simulates mouse click on the element found by ``selector``.</doc>
<status status="PASS" start="2026-05-04T14:31:21.224236" elapsed="0.053531"/>
</kw>
<arg>wrong_user</arg>
<arg>wrong_pass</arg>
<doc>Renseigne les identifiants et soumet le formulaire.</doc>
<status status="PASS" start="2026-05-04T14:31:21.176727" elapsed="0.101171"/>
</kw>
<kw name="Verifier Login Echoue" owner="login_page">
<kw name="Wait For Elements State" owner="Browser">
<msg time="2026-05-04T14:31:21.288332" level="INFO">Waited for Element with selector css=h3[data-test="error"] at state visible</msg>
<arg>${ERROR_MESSAGE}</arg>
<arg>visible</arg>
<tag>PageContent</tag>
<tag>Wait</tag>
<doc>Waits for the element found by ``selector`` to satisfy state option.</doc>
<status status="PASS" start="2026-05-04T14:31:21.279471" elapsed="0.009048"/>
</kw>
<kw name="Get Text" owner="Browser">
<msg time="2026-05-04T14:31:21.315432" level="INFO">Text: 'Epic sadface: Username and password do not match any user in this service'</msg>
<msg time="2026-05-04T14:31:21.315590" level="INFO">${error_message} = Epic sadface: Username and password do not match any user in this service</msg>
<var>${error_message}</var>
<arg>${ERROR_MESSAGE}</arg>
<tag>Assertion</tag>
<tag>Getter</tag>
<tag>PageContent</tag>
<doc>Returns text attribute of the element found by ``selector``.</doc>
<status status="PASS" start="2026-05-04T14:31:21.288718" elapsed="0.026895"/>
</kw>
<kw name="Should Be Equal As Strings" owner="BuiltIn">
<arg>${error_message}</arg>
<arg>${INVALID_LOGIN_ERROR}</arg>
<doc>Fails if objects are unequal after converting them to strings.</doc>
<status status="PASS" start="2026-05-04T14:31:21.315773" elapsed="0.001664"/>
</kw>
<doc>Vérifie le message d'erreur affiché après un login invalide.</doc>
<status status="PASS" start="2026-05-04T14:31:21.278085" elapsed="0.039426"/>
</kw>
<kw name="Fermer Browser" owner="login_page">
<kw name="Close Browser" owner="Browser">
<msg time="2026-05-04T14:31:21.377620" level="INFO">Closed browser</msg>
<tag>BrowserControl</tag>
<tag>Setter</tag>
<doc>Closes the current browser.</doc>
<status status="PASS" start="2026-05-04T14:31:21.318935" elapsed="0.058908"/>
</kw>
<doc>Ferme le navigateur.</doc>
<status status="PASS" start="2026-05-04T14:31:21.317641" elapsed="0.060305"/>
</kw>
<doc>Vérifie qu'un login invalide affiche un message d'erreur.</doc>
<status status="PASS" start="2026-05-04T14:31:20.419769" elapsed="0.958293"/>
</test>
<doc>Login scenarios for SauceDemo.</doc>
<status status="PASS" start="2026-05-04T14:31:19.576138" elapsed="1.806239"/>
</suite>
<status status="FAIL" start="2026-05-04T14:31:06.992633" elapsed="14.394158"/>
</suite>
<status status="FAIL" start="2026-05-04T14:31:06.991781" elapsed="14.395373"/>
</suite>
<status status="FAIL" start="2026-05-04T14:31:06.044387" elapsed="15.343244"/>
</suite>
<statistics>
<total>
<stat pass="5" fail="1" skip="0">All Tests</stat>
</total>
<tag>
</tag>
<suite>
<stat name="Tests" id="s1" pass="5" fail="1" skip="0">Tests</stat>
<stat name="Api Tests" id="s1-s1" pass="3" fail="0" skip="0">Tests.Api Tests</stat>
<stat name="Tests" id="s1-s1-s1" pass="3" fail="0" skip="0">Tests.Api Tests.Tests</stat>
<stat name="Test Categories" id="s1-s1-s1-s1" pass="1" fail="0" skip="0">Tests.Api Tests.Tests.Test Categories</stat>
<stat name="Test Keywords" id="s1-s1-s1-s2" pass="1" fail="0" skip="0">Tests.Api Tests.Tests.Test Keywords</stat>
<stat name="Test Products" id="s1-s1-s1-s3" pass="1" fail="0" skip="0">Tests.Api Tests.Tests.Test Products</stat>
<stat name="Ui Tests" id="s1-s2" pass="2" fail="1" skip="0">Tests.Ui Tests</stat>
<stat name="Tests" id="s1-s2-s1" pass="2" fail="1" skip="0">Tests.Ui Tests.Tests</stat>
<stat name="Test E2E Purchase" id="s1-s2-s1-s1" pass="0" fail="1" skip="0">Tests.Ui Tests.Tests.Test E2E Purchase</stat>
<stat name="Test Login" id="s1-s2-s1-s2" pass="2" fail="0" skip="0">Tests.Ui Tests.Tests.Test Login</stat>
</suite>
</statistics>
<errors>
</errors>
</robot>
